<?xml version="1.0" encoding="UTF-8"?>
<testsuite xmlns:xsi="http://www.w3.org/2001/XMLSchema-instance" xsi:schemaLocation="https://maven.apache.org/surefire/maven-surefire-plugin/xsd/surefire-test-report.xsd" name="works.weave.socks.shipping.entities.UnitPojo" time="0.4" tests="5" errors="0" skipped="0" failures="0">
  <properties>
[...]
</properties>
  <testcase name="ensureExpectedPojoCount" classname="works.weave.socks.shipping.entities.UnitPojo" time="0.29"/>
  <testcase name="testPojoStructureAndBehavior" classname="works.weave.socks.shipping.entities.UnitPojo" time="0.045"/>
  <testcase name="testHashcode" classname="works.weave.socks.shipping.entities.UnitPojo" time="0.004"/>
  <testcase name="testEquals" classname="works.weave.socks.shipping.entities.UnitPojo" time="0"/>
  <testcase name="testString" classname="works.weave.socks.shipping.entities.UnitPojo" time="0.017"/>
</testsuite>